f:\求职简历\牛客网-剑指offer\cpp66\cpp66\debug\vc120.pdb
f:\求职简历\牛客网-剑指offer\cpp66\cpp66\debug\vc120.idb
f:\求职简历\牛客网-剑指offer\cpp66\cpp66\debug\0-1.obj
f:\求职简历\牛客网-剑指offer\cpp66\cpp66\debug\dpbase.obj
f:\求职简历\牛客网-剑指offer\cpp66\cpp66\debug\dpcoin.obj
f:\求职简历\牛客网-剑指offer\cpp66\cpp66\debug\dpdag.obj
f:\求职简历\牛客网-剑指offer\cpp66\cpp66\debug\main.obj
f:\求职简历\牛客网-剑指offer\cpp66\cpp66\debug\solution03.obj
f:\求职简历\牛客网-剑指offer\cpp66\cpp66\debug\solution04.obj
f:\求职简历\牛客网-剑指offer\cpp66\cpp66\debug\solution09.obj
f:\求职简历\牛客网-剑指offer\cpp66\cpp66\debug\二进制中1的个数.obj
f:\求职简历\牛客网-剑指offer\cpp66\cpp66\debug\从尾到头打印链表.obj
f:\求职简历\牛客网-剑指offer\cpp66\cpp66\debug\变态跳台阶.obj
f:\求职简历\牛客网-剑指offer\cpp66\cpp66\debug\数组中出现次数超过一半的数.obj
f:\求职简历\牛客网-剑指offer\cpp66\cpp66\debug\最小的k个数.obj
f:\求职简历\牛客网-剑指offer\cpp66\cpp66\debug\求1+2+...+n.obj
f:\求职简历\牛客网-剑指offer\cpp66\cpp66\debug\矩形覆盖.obj
f:\求职简历\牛客网-剑指offer\cpp66\cpp66\debug\跳台阶.obj
f:\求职简历\牛客网-剑指offer\cpp66\cpp66\debug\连续子数组的最大和.obj
f:\求职简历\牛客网-剑指offer\cpp66\cpp66\debug\数组中只出现一次的数字.obj
f:\求职简历\牛客网-剑指offer\cpp66\cpp66\debug\base.obj
f:\求职简历\牛客网-剑指offer\cpp66\cpp66\debug\base1.obj
f:\求职简历\牛客网-剑指offer\cpp66\cpp66\debug\base2.obj
f:\求职简历\牛客网-剑指offer\cpp66\debug\cpp66.pdb
f:\求职简历\牛客网-剑指offer\cpp66\cpp66\debug\cpp66.tlog\cl.command.1.tlog
f:\求职简历\牛客网-剑指offer\cpp66\cpp66\debug\cpp66.tlog\cl.read.1.tlog
f:\求职简历\牛客网-剑指offer\cpp66\cpp66\debug\cpp66.tlog\cl.write.1.tlog
f:\求职简历\牛客网-剑指offer\cpp66\cpp66\debug\cpp66.tlog\link.command.1.tlog
f:\求职简历\牛客网-剑指offer\cpp66\cpp66\debug\cpp66.tlog\link.read.1.tlog
f:\求职简历\牛客网-剑指offer\cpp66\cpp66\debug\cpp66.tlog\link.write.1.tlog
