生成启动时间为 2019/11/10 15:17:24。
     1>项目“F:\求职简历\牛客网-剑指offer\CPP66\CPP66\CPP66.vcxproj”在节点 2 上(Build 个目标)。
     1>ClCompile:
         D:\Program Files\VC\bin\CL.exe /c /ZI /nologo /W3 /WX- /sdl /Od /Oy- /D _MBCS /Gm /EHsc /RTC1 /MDd /GS /fp:precise /Zc:wchar_t /Zc:forScope /Fo"Debug\\" /Fd"Debug\vc120.pdb" /Gd /TP /analyze- /errorReport:prompt "一个简单的模板.cpp"
         一个简单的模板.cpp
       Link:
         D:\Program Files\VC\bin\link.exe /ERRORREPORT:PROMPT /OUT:"F:\求职简历\牛客网-剑指offer\CPP66\Debug\CPP66.exe" /INCREMENTAL /NOLOGO kernel32.lib user32.lib gdi32.lib winspool.lib comdlg32.lib advapi32.lib shell32.lib ole32.lib oleaut32.lib uuid.lib odbc32.lib odbccp32.lib /MANIFEST /MANIFESTUAC:"level='asInvoker' uiAccess='false'" /manifest:embed /DEBUG /PDB:"F:\求职简历\牛客网-剑指offer\CPP66\Debug\CPP66.pdb" /TLBID:1 /DYNAMICBASE /NXCOMPAT /IMPLIB:"F:\求职简历\牛客网-剑指offer\CPP66\Debug\CPP66.lib" /MACHINE:X86 "Debug\0-1.obj"
         Debug\base1.obj
         Debug\base2.obj
         Debug\base3.obj
         Debug\DPbase.obj
         Debug\DPcoin.obj
         Debug\DPdag.obj
         Debug\main.obj
         Debug\NNclock.obj
         Debug\sizeof.obj
         Debug\Solution03.obj
         Debug\Solution04.obj
         Debug\Solution09.obj
         Debug\STL_deque.obj
         Debug\STL_list.obj
         Debug\STL_priority_queue.obj
         Debug\STL_queue.obj
         Debug\STL_set.obj
         Debug\STL_stack.obj
         "Debug\string查找.obj"
         "Debug\string类.obj"
         "Debug\vector容器.obj"
         "Debug\vivo背包问题.obj"
         "Debug\一元一次方程.obj"
         "Debug\stl初步.obj"
         "Debug\中序遍历.obj"
         "Debug\中缀转后缀.obj"
         "Debug\二叉树构建.obj"
         "Debug\二进制中1的个数.obj"
         "Debug\交错01串.obj"
         "Debug\从尾到头打印链表.obj"
         "Debug\一个简单的模板.obj"
         "Debug\变态跳台阶.obj"
         "Debug\吃桃子.obj"
         "Debug\四则运算.obj"
         "Debug\堆棋子.obj"
         "Debug\C++字符串类操作.obj"
         "Debug\字符串全排列.obj"
         "Debug\字符串反转.obj"
         "Debug\字符串字典序打印.obj"
         "Debug\字符串排序.obj"
         "Debug\字符串缩写.obj"
         "Debug\左旋转字符串.obj"
         "Debug\指针测试.obj"
         "Debug\最长不重复子串.obj"
         "Debug\数组中出现次数超过一半的数.obj"
         "Debug\数组中只出现一次的数字.obj"
         "Debug\数组最大子序列和.obj"
         "Debug\数组最大连续子序列和.obj"
         "Debug\最小的k个数.obj"
         "Debug\最长特殊子序列.obj"
         "Debug\最长递增递减子序列.obj"
         "Debug\末尾的数.obj"
         "Debug\永远不可达到的地方.obj"
         "Debug\求1+2+...+n.obj"
         "Debug\生产者消费者模型.obj"
         "Debug\矩形覆盖.obj"
         "Debug\笔试.obj"
         "Debug\线性表.obj"
         "Debug\统计单词个数.obj"
         "Debug\表面积.obj"
         "Debug\询问次数.obj"
         "Debug\跳台阶.obj"
         "Debug\连续子数组的最大和.obj"
         "Debug\排序算法.obj"
         "Debug\链表倒数第k个元素.obj"
         "Debug\链表反转.obj"
         "Debug\锯木棍.obj"
         "Debug\非完全平方数判断.obj"
         CPP66.vcxproj -> F:\求职简历\牛客网-剑指offer\CPP66\Debug\CPP66.exe
     1>已完成生成项目“F:\求职简历\牛客网-剑指offer\CPP66\CPP66\CPP66.vcxproj”(Build 个目标)的操作。

生成成功。

已用时间 00:00:02.00
